<?xml version="1.0" encoding="UTF-8"?>
<!-- Generated by org.testng.reporters.JUnitXMLReporter -->
<testsuite hostname="HW1121" ignored="0" name="Default test" tests="1" failures="0" timestamp="29 Dec 2017 13:05:45 GMT" time="128.63" errors="0">
  <testcase name="@BeforeClass beforeClass" time="109.562" classname="com.mobile.automation.accelerators.MobileEngine">
    <failure type="java.lang.AssertionError" message="session not created (application path (app=&amp;apos;C:\Venu\SeleniumProjects\GS1\apk\Qantas.apk&amp;apos;) is invalid (reportUrl=C:\Windows\Temp\headless\CLOUD-SID_2017-12-29_15-01-31-461cdb1f-0541-4866-894b-5a97114836c9\2b10cd9f-90ea-44a1-9cd8-0fef4811690f))  (WARNING: The server did not provide any stacktrace information)
Command duration or timeout: 12.63 seconds
Build info: version: &amp;apos;unknown&amp;apos;, revision: &amp;apos;f233563&amp;apos;, time: &amp;apos;2016-07-28 17:43:42 -0700&amp;apos;
System info: host: &amp;apos;HW1121&amp;apos;, ip: &amp;apos;10.250.84.23&amp;apos;, os.name: &amp;apos;Windows 10&amp;apos;, os.arch: &amp;apos;amd64&amp;apos;, os.version: &amp;apos;10.0&amp;apos;, java.version: &amp;apos;1.8.0_121&amp;apos;
Driver info: io.appium.java_client.android.AndroidDriver">
      <![CDATA[java.lang.AssertionError: session not created (application path (app='C:\Venu\SeleniumProjects\GS1\apk\Qantas.apk') is invalid (reportUrl=C:\Windows\Temp\headless\CLOUD-SID_2017-12-29_15-01-31-461cdb1f-0541-4866-894b-5a97114836c9\2b10cd9f-90ea-44a1-9cd8-0fef4811690f))  (WARNING: The server did not provide any stacktrace information)
Command duration or timeout: 12.63 seconds
Build info: version: 'unknown', revision: 'f233563', time: '2016-07-28 17:43:42 -0700'
System info: host: 'HW1121', ip: '10.250.84.23', os.name: 'Windows 10', os.arch: 'amd64', os.version: '10.0', java.version: '1.8.0_121'
Driver info: io.appium.java_client.android.AndroidDriver
	at org.testng.Assert.fail(Assert.java:93)
	at com.mobile.automation.accelerators.MobileLibrary.instantiateDriver(MobileLibrary.java:694)
	at com.mobile.automation.accelerators.MobileEngine.beforeClass(MobileEngine.java:928)
	at sun.reflect.NativeMethodAccessorImpl.invoke0(Native Method)
	at sun.reflect.NativeMethodAccessorImpl.invoke(Unknown Source)
	at sun.reflect.DelegatingMethodAccessorImpl.invoke(Unknown Source)
	at java.lang.reflect.Method.invoke(Unknown Source)
	at org.testng.internal.MethodInvocationHelper.invokeMethod(MethodInvocationHelper.java:108)
	at org.testng.internal.Invoker.invokeConfigurationMethod(Invoker.java:523)
	at org.testng.internal.Invoker.invokeConfigurations(Invoker.java:224)
	at org.testng.internal.Invoker.invokeConfigurations(Invoker.java:146)
	at org.testng.internal.TestMethodWorker.invokeBeforeClassMethods(TestMethodWorker.java:165)
	at org.testng.internal.TestMethodWorker.run(TestMethodWorker.java:105)
	at org.testng.TestRunner.privateRun(TestRunner.java:776)
	at org.testng.TestRunner.run(TestRunner.java:634)
	at org.testng.SuiteRunner.runTest(SuiteRunner.java:425)
	at org.testng.SuiteRunner.access$000(SuiteRunner.java:40)
	at org.testng.SuiteRunner$SuiteWorker.run(SuiteRunner.java:459)
	at org.testng.internal.thread.ThreadUtil$1.call(ThreadUtil.java:52)
	at java.util.concurrent.FutureTask.run(Unknown Source)
	at java.util.concurrent.ThreadPoolExecutor.runWorker(Unknown Source)
	at java.util.concurrent.ThreadPoolExecutor$Worker.run(Unknown Source)
	at java.lang.Thread.run(Unknown Source)
]]>
    </failure>
  </testcase> <!-- @BeforeClass beforeClass -->
  <testcase name="@BeforeMethod beforeMethod" time="10.052" classname="com.mobile.automation.accelerators.MobileEngine">
    <failure type="java.lang.AssertionError" message="session not created (application path (app=&amp;apos;C:\Venu\SeleniumProjects\GS1\apk\Qantas.apk&amp;apos;) is invalid (reportUrl=C:\Windows\Temp\headless\CLOUD-SID_2017-12-29_15-01-31-461cdb1f-0541-4866-894b-5a97114836c9\7915d953-fe86-4735-b34d-af46a8926cae))  (WARNING: The server did not provide any stacktrace information)
Command duration or timeout: 8.89 seconds
Build info: version: &amp;apos;unknown&amp;apos;, revision: &amp;apos;f233563&amp;apos;, time: &amp;apos;2016-07-28 17:43:42 -0700&amp;apos;
System info: host: &amp;apos;HW1121&amp;apos;, ip: &amp;apos;10.250.84.23&amp;apos;, os.name: &amp;apos;Windows 10&amp;apos;, os.arch: &amp;apos;amd64&amp;apos;, os.version: &amp;apos;10.0&amp;apos;, java.version: &amp;apos;1.8.0_121&amp;apos;
Driver info: io.appium.java_client.android.AndroidDriver">
      <![CDATA[java.lang.AssertionError: session not created (application path (app='C:\Venu\SeleniumProjects\GS1\apk\Qantas.apk') is invalid (reportUrl=C:\Windows\Temp\headless\CLOUD-SID_2017-12-29_15-01-31-461cdb1f-0541-4866-894b-5a97114836c9\7915d953-fe86-4735-b34d-af46a8926cae))  (WARNING: The server did not provide any stacktrace information)
Command duration or timeout: 8.89 seconds
Build info: version: 'unknown', revision: 'f233563', time: '2016-07-28 17:43:42 -0700'
System info: host: 'HW1121', ip: '10.250.84.23', os.name: 'Windows 10', os.arch: 'amd64', os.version: '10.0', java.version: '1.8.0_121'
Driver info: io.appium.java_client.android.AndroidDriver
	at org.testng.Assert.fail(Assert.java:93)
	at com.mobile.automation.accelerators.MobileLibrary.instantiateDriver(MobileLibrary.java:694)
	at com.mobile.automation.accelerators.MobileEngine.beforeMethod(MobileEngine.java:1047)
	at sun.reflect.NativeMethodAccessorImpl.invoke0(Native Method)
	at sun.reflect.NativeMethodAccessorImpl.invoke(Unknown Source)
	at sun.reflect.DelegatingMethodAccessorImpl.invoke(Unknown Source)
	at java.lang.reflect.Method.invoke(Unknown Source)
	at org.testng.internal.MethodInvocationHelper.invokeMethod(MethodInvocationHelper.java:108)
	at org.testng.internal.Invoker.invokeConfigurationMethod(Invoker.java:523)
	at org.testng.internal.Invoker.invokeConfigurations(Invoker.java:224)
	at org.testng.internal.Invoker.invokeMethod(Invoker.java:599)
	at org.testng.internal.Invoker.invokeTestMethod(Invoker.java:877)
	at org.testng.internal.Invoker.invokeTestMethods(Invoker.java:1201)
	at org.testng.internal.TestMethodWorker.invokeTestMethods(TestMethodWorker.java:125)
	at org.testng.internal.TestMethodWorker.run(TestMethodWorker.java:109)
	at org.testng.TestRunner.privateRun(TestRunner.java:776)
	at org.testng.TestRunner.run(TestRunner.java:634)
	at org.testng.SuiteRunner.runTest(SuiteRunner.java:425)
	at org.testng.SuiteRunner.access$000(SuiteRunner.java:40)
	at org.testng.SuiteRunner$SuiteWorker.run(SuiteRunner.java:459)
	at org.testng.internal.thread.ThreadUtil$1.call(ThreadUtil.java:52)
	at java.util.concurrent.FutureTask.run(Unknown Source)
	at java.util.concurrent.ThreadPoolExecutor.runWorker(Unknown Source)
	at java.util.concurrent.ThreadPoolExecutor$Worker.run(Unknown Source)
	at java.lang.Thread.run(Unknown Source)
]]>
    </failure>
  </testcase> <!-- @BeforeMethod beforeMethod -->
  <testcase name="Qantas_Demo" time="0.0" classname="com.mobile.automation.scripts.QantasDemo_ExtentReports">
    <skipped/>
  </testcase> <!-- Qantas_Demo -->
</testsuite> <!-- Default test -->
