<?xml version="1.0" encoding="UTF-8"?>
<!-- Generated by org.testng.reporters.JUnitXMLReporter -->
<testsuite hostname="HW2247" ignored="0" name="Default Test" tests="1" failures="1" timestamp="19 Dec 2017 08:32:24 GMT" time="48.88" errors="0">
  <testcase name="QantasDemo" time="43.054" classname="com.mobile.automation.scripts.QantasDemo">
    <failure type="java.lang.AssertionError" message="Step Click Failed with description Unable to click on Continue as Guest expected [true] but found [false]">
      <![CDATA[java.lang.AssertionError: Step Click Failed with description Unable to click on Continue as Guest expected [true] but found [false]
	at com.ctaf.support.HtmlReportSupport.onFailure(HtmlReportSupport.java:779)
	at com.ctaf.utilities.Reporter.failureReport(Reporter.java:91)
	at com.mobile.automation.accelerators.ActionEngine.click(ActionEngine.java:96)
	at com.mobile.automation.pages.BookFlight.navigateToBookFlight(BookFlight.java:20)
	at com.mobile.automation.scripts.QantasDemo.QantasDemo(QantasDemo.java:79)
	at java.util.concurrent.FutureTask.run(Unknown Source)
	at java.util.concurrent.ThreadPoolExecutor.runWorker(Unknown Source)
	at java.util.concurrent.ThreadPoolExecutor$Worker.run(Unknown Source)
	at java.lang.Thread.run(Unknown Source)
... Removed 19 stack frames]]>
    </failure>
  </testcase> <!-- QantasDemo -->
</testsuite> <!-- Default Test -->
