<?xml version="1.0" encoding="UTF-8"?>
<!-- Generated by org.testng.reporters.JUnitReportReporter -->
<testsuite skipped="0" hostname="HW2247" name="com.mobile.automation.scripts.QuoteReferHomeBuyer_Android" tests="30" failures="3" timestamp="30 Mar 2018 13:03:41 GMT" time="2943.392" errors="0">
  <testcase name="QuoteReferHomeBuyer_Android" time="106.000" classname="com.mobile.automation.scripts.QuoteReferHomeBuyer_Android"/>
  <testcase name="QuoteReferHomeBuyer_Android" time="113.409" classname="com.mobile.automation.scripts.QuoteReferHomeBuyer_Android"/>
  <testcase name="QuoteReferHomeBuyer_Android" time="110.351" classname="com.mobile.automation.scripts.QuoteReferHomeBuyer_Android"/>
  <testcase name="QuoteReferHomeBuyer_Android" time="0.094" classname="com.mobile.automation.scripts.QuoteReferHomeBuyer_Android">
    <failure type="java.lang.AssertionError" message="Test Case Failed because - Failed to complete QuoteReferHomeBuyerResult">
      <![CDATA[java.lang.AssertionError: Test Case Failed because - Failed to complete QuoteReferHomeBuyerResult
	at org.testng.Assert.fail(Assert.java:93)
	at com.mobile.automation.scripts.QuoteReferHomeBuyer_Android.TestCaseStatus(QuoteReferHomeBuyer_Android.java:40)
	at com.mobile.automation.scripts.QuoteReferHomeBuyer_Android.QuoteReferHomeBuyer_Android(QuoteReferHomeBuyer_Android.java:100)
	at sun.reflect.GeneratedMethodAccessor40.invoke(Unknown Source)
	at sun.reflect.DelegatingMethodAccessorImpl.invoke(Unknown Source)
	at java.lang.reflect.Method.invoke(Unknown Source)
	at org.testng.internal.MethodInvocationHelper.invokeMethod(MethodInvocationHelper.java:108)
	at org.testng.internal.Invoker.invokeMethod(Invoker.java:669)
	at org.testng.internal.Invoker.invokeTestMethod(Invoker.java:877)
	at org.testng.internal.Invoker.invokeTestMethods(Invoker.java:1201)
	at org.testng.internal.TestMethodWorker.invokeTestMethods(TestMethodWorker.java:125)
	at org.testng.internal.TestMethodWorker.run(TestMethodWorker.java:109)
	at org.testng.TestRunner.privateRun(TestRunner.java:776)
	at org.testng.TestRunner.run(TestRunner.java:634)
	at org.testng.SuiteRunner.runTest(SuiteRunner.java:425)
	at org.testng.SuiteRunner.access$000(SuiteRunner.java:40)
	at org.testng.SuiteRunner$SuiteWorker.run(SuiteRunner.java:459)
	at org.testng.internal.thread.ThreadUtil$1.call(ThreadUtil.java:52)
	at java.util.concurrent.FutureTask.run(Unknown Source)
	at java.util.concurrent.ThreadPoolExecutor.runWorker(Unknown Source)
	at java.util.concurrent.ThreadPoolExecutor$Worker.run(Unknown Source)
	at java.lang.Thread.run(Unknown Source)
]]>
    </failure>
  </testcase> <!-- QuoteReferHomeBuyer_Android -->
  <testcase name="QuoteReferHomeBuyer_Android" time="107.214" classname="com.mobile.automation.scripts.QuoteReferHomeBuyer_Android"/>
  <testcase name="QuoteReferHomeBuyer_Android" time="107.317" classname="com.mobile.automation.scripts.QuoteReferHomeBuyer_Android"/>
  <testcase name="QuoteReferHomeBuyer_Android" time="102.295" classname="com.mobile.automation.scripts.QuoteReferHomeBuyer_Android"/>
  <testcase name="QuoteReferHomeBuyer_Android" time="100.810" classname="com.mobile.automation.scripts.QuoteReferHomeBuyer_Android"/>
  <testcase name="QuoteReferHomeBuyer_Android" time="0.100" classname="com.mobile.automation.scripts.QuoteReferHomeBuyer_Android">
    <failure type="java.lang.AssertionError" message="Test Case Failed because - Failed to complete QuoteReferHomeBuyerResult">
      <![CDATA[java.lang.AssertionError: Test Case Failed because - Failed to complete QuoteReferHomeBuyerResult
	at org.testng.Assert.fail(Assert.java:93)
	at com.mobile.automation.scripts.QuoteReferHomeBuyer_Android.TestCaseStatus(QuoteReferHomeBuyer_Android.java:40)
	at com.mobile.automation.scripts.QuoteReferHomeBuyer_Android.QuoteReferHomeBuyer_Android(QuoteReferHomeBuyer_Android.java:100)
	at sun.reflect.GeneratedMethodAccessor40.invoke(Unknown Source)
	at sun.reflect.DelegatingMethodAccessorImpl.invoke(Unknown Source)
	at java.lang.reflect.Method.invoke(Unknown Source)
	at org.testng.internal.MethodInvocationHelper.invokeMethod(MethodInvocationHelper.java:108)
	at org.testng.internal.Invoker.invokeMethod(Invoker.java:669)
	at org.testng.internal.Invoker.invokeTestMethod(Invoker.java:877)
	at org.testng.internal.Invoker.invokeTestMethods(Invoker.java:1201)
	at org.testng.internal.TestMethodWorker.invokeTestMethods(TestMethodWorker.java:125)
	at org.testng.internal.TestMethodWorker.run(TestMethodWorker.java:109)
	at org.testng.TestRunner.privateRun(TestRunner.java:776)
	at org.testng.TestRunner.run(TestRunner.java:634)
	at org.testng.SuiteRunner.runTest(SuiteRunner.java:425)
	at org.testng.SuiteRunner.access$000(SuiteRunner.java:40)
	at org.testng.SuiteRunner$SuiteWorker.run(SuiteRunner.java:459)
	at org.testng.internal.thread.ThreadUtil$1.call(ThreadUtil.java:52)
	at java.util.concurrent.FutureTask.run(Unknown Source)
	at java.util.concurrent.ThreadPoolExecutor.runWorker(Unknown Source)
	at java.util.concurrent.ThreadPoolExecutor$Worker.run(Unknown Source)
	at java.lang.Thread.run(Unknown Source)
]]>
    </failure>
  </testcase> <!-- QuoteReferHomeBuyer_Android -->
  <testcase name="QuoteReferHomeBuyer_Android" time="106.750" classname="com.mobile.automation.scripts.QuoteReferHomeBuyer_Android"/>
  <testcase name="QuoteReferHomeBuyer_Android" time="107.105" classname="com.mobile.automation.scripts.QuoteReferHomeBuyer_Android"/>
  <testcase name="QuoteReferHomeBuyer_Android" time="111.501" classname="com.mobile.automation.scripts.QuoteReferHomeBuyer_Android"/>
  <testcase name="QuoteReferHomeBuyer_Android" time="109.017" classname="com.mobile.automation.scripts.QuoteReferHomeBuyer_Android"/>
  <testcase name="QuoteReferHomeBuyer_Android" time="113.014" classname="com.mobile.automation.scripts.QuoteReferHomeBuyer_Android"/>
  <testcase name="QuoteReferHomeBuyer_Android" time="107.858" classname="com.mobile.automation.scripts.QuoteReferHomeBuyer_Android"/>
  <testcase name="QuoteReferHomeBuyer_Android" time="114.676" classname="com.mobile.automation.scripts.QuoteReferHomeBuyer_Android"/>
  <testcase name="QuoteReferHomeBuyer_Android" time="107.224" classname="com.mobile.automation.scripts.QuoteReferHomeBuyer_Android"/>
  <testcase name="QuoteReferHomeBuyer_Android" time="110.949" classname="com.mobile.automation.scripts.QuoteReferHomeBuyer_Android"/>
  <testcase name="QuoteReferHomeBuyer_Android" time="111.259" classname="com.mobile.automation.scripts.QuoteReferHomeBuyer_Android"/>
  <testcase name="QuoteReferHomeBuyer_Android" time="115.913" classname="com.mobile.automation.scripts.QuoteReferHomeBuyer_Android"/>
  <testcase name="QuoteReferHomeBuyer_Android" time="107.171" classname="com.mobile.automation.scripts.QuoteReferHomeBuyer_Android"/>
  <testcase name="QuoteReferHomeBuyer_Android" time="112.460" classname="com.mobile.automation.scripts.QuoteReferHomeBuyer_Android"/>
  <testcase name="QuoteReferHomeBuyer_Android" time="112.157" classname="com.mobile.automation.scripts.QuoteReferHomeBuyer_Android"/>
  <testcase name="QuoteReferHomeBuyer_Android" time="0.091" classname="com.mobile.automation.scripts.QuoteReferHomeBuyer_Android">
    <failure type="java.lang.AssertionError" message="Test Case Failed because - Failed to complete QuoteReferHomeBuyerResult">
      <![CDATA[java.lang.AssertionError: Test Case Failed because - Failed to complete QuoteReferHomeBuyerResult
	at org.testng.Assert.fail(Assert.java:93)
	at com.mobile.automation.scripts.QuoteReferHomeBuyer_Android.TestCaseStatus(QuoteReferHomeBuyer_Android.java:40)
	at com.mobile.automation.scripts.QuoteReferHomeBuyer_Android.QuoteReferHomeBuyer_Android(QuoteReferHomeBuyer_Android.java:100)
	at sun.reflect.GeneratedMethodAccessor40.invoke(Unknown Source)
	at sun.reflect.DelegatingMethodAccessorImpl.invoke(Unknown Source)
	at java.lang.reflect.Method.invoke(Unknown Source)
	at org.testng.internal.MethodInvocationHelper.invokeMethod(MethodInvocationHelper.java:108)
	at org.testng.internal.Invoker.invokeMethod(Invoker.java:669)
	at org.testng.internal.Invoker.invokeTestMethod(Invoker.java:877)
	at org.testng.internal.Invoker.invokeTestMethods(Invoker.java:1201)
	at org.testng.internal.TestMethodWorker.invokeTestMethods(TestMethodWorker.java:125)
	at org.testng.internal.TestMethodWorker.run(TestMethodWorker.java:109)
	at org.testng.TestRunner.privateRun(TestRunner.java:776)
	at org.testng.TestRunner.run(TestRunner.java:634)
	at org.testng.SuiteRunner.runTest(SuiteRunner.java:425)
	at org.testng.SuiteRunner.access$000(SuiteRunner.java:40)
	at org.testng.SuiteRunner$SuiteWorker.run(SuiteRunner.java:459)
	at org.testng.internal.thread.ThreadUtil$1.call(ThreadUtil.java:52)
	at java.util.concurrent.FutureTask.run(Unknown Source)
	at java.util.concurrent.ThreadPoolExecutor.runWorker(Unknown Source)
	at java.util.concurrent.ThreadPoolExecutor$Worker.run(Unknown Source)
	at java.lang.Thread.run(Unknown Source)
]]>
    </failure>
  </testcase> <!-- QuoteReferHomeBuyer_Android -->
  <testcase name="QuoteReferHomeBuyer_Android" time="113.614" classname="com.mobile.automation.scripts.QuoteReferHomeBuyer_Android"/>
  <testcase name="QuoteReferHomeBuyer_Android" time="107.309" classname="com.mobile.automation.scripts.QuoteReferHomeBuyer_Android"/>
  <testcase name="QuoteReferHomeBuyer_Android" time="105.898" classname="com.mobile.automation.scripts.QuoteReferHomeBuyer_Android"/>
  <testcase name="QuoteReferHomeBuyer_Android" time="108.255" classname="com.mobile.automation.scripts.QuoteReferHomeBuyer_Android"/>
  <testcase name="QuoteReferHomeBuyer_Android" time="99.578" classname="com.mobile.automation.scripts.QuoteReferHomeBuyer_Android"/>
  <testcase name="QuoteReferHomeBuyer_Android" time="114.003" classname="com.mobile.automation.scripts.QuoteReferHomeBuyer_Android"/>
</testsuite> <!-- com.mobile.automation.scripts.QuoteReferHomeBuyer_Android -->
